[myPapers]2024/11/16 - 11:07:00.900	[34minfo[0m	C:/Users/MRdada/Desktop/vue/mypapers/mypapers/server/initialize/gorm.go:37	register table success
[myPapers]2024/11/16 - 11:07:00.942	[34minfo[0m	C:/Users/MRdada/Desktop/vue/mypapers/mypapers/server/initialize/router.go:19	use middleware cors
[myPapers]2024/11/16 - 11:07:00.949	[34minfo[0m	C:/Users/MRdada/Desktop/vue/mypapers/mypapers/server/initialize/router.go:44	router register success
[myPapers]2024/11/16 - 11:07:00.950	[34minfo[0m	C:/Users/MRdada/Desktop/vue/mypapers/mypapers/server/core/server.go:20	server run success on 	{"address": ":8887"}
[myPapers]2024/11/16 - 11:13:15.072	[34minfo[0m	C:/Users/MRdada/Desktop/vue/mypapers/mypapers/server/initialize/gorm.go:37	register table success
[myPapers]2024/11/16 - 11:13:15.108	[34minfo[0m	C:/Users/MRdada/Desktop/vue/mypapers/mypapers/server/initialize/router.go:19	use middleware cors
[myPapers]2024/11/16 - 11:13:15.113	[34minfo[0m	C:/Users/MRdada/Desktop/vue/mypapers/mypapers/server/initialize/router.go:44	router register success
[myPapers]2024/11/16 - 11:13:15.113	[34minfo[0m	C:/Users/MRdada/Desktop/vue/mypapers/mypapers/server/core/server.go:20	server run success on 	{"address": ":8887"}
[myPapers]2024/11/16 - 11:17:05.787	[34minfo[0m	C:/Users/MRdada/Desktop/vue/mypapers/mypapers/server/initialize/gorm.go:37	register table success
[myPapers]2024/11/16 - 11:17:05.822	[34minfo[0m	C:/Users/MRdada/Desktop/vue/mypapers/mypapers/server/initialize/router.go:19	use middleware cors
[myPapers]2024/11/16 - 11:17:05.826	[34minfo[0m	C:/Users/MRdada/Desktop/vue/mypapers/mypapers/server/initialize/router.go:44	router register success
[myPapers]2024/11/16 - 11:17:05.826	[34minfo[0m	C:/Users/MRdada/Desktop/vue/mypapers/mypapers/server/core/server.go:20	server run success on 	{"address": ":8887"}
[myPapers]2024/11/16 - 11:18:53.413	[34minfo[0m	C:/Users/MRdada/Desktop/vue/mypapers/mypapers/server/initialize/gorm.go:37	register table success
[myPapers]2024/11/16 - 11:18:53.448	[34minfo[0m	C:/Users/MRdada/Desktop/vue/mypapers/mypapers/server/initialize/router.go:19	use middleware cors
[myPapers]2024/11/16 - 11:18:53.452	[34minfo[0m	C:/Users/MRdada/Desktop/vue/mypapers/mypapers/server/initialize/router.go:44	router register success
[myPapers]2024/11/16 - 11:18:53.453	[34minfo[0m	C:/Users/MRdada/Desktop/vue/mypapers/mypapers/server/core/server.go:20	server run success on 	{"address": ":8887"}
[myPapers]2024/11/16 - 11:40:43.676	[34minfo[0m	C:/Users/MRdada/Desktop/vue/mypapers/mypapers/server/initialize/gorm.go:37	register table success
[myPapers]2024/11/16 - 11:40:43.712	[34minfo[0m	C:/Users/MRdada/Desktop/vue/mypapers/mypapers/server/initialize/router.go:19	use middleware cors
[myPapers]2024/11/16 - 11:40:43.718	[34minfo[0m	C:/Users/MRdada/Desktop/vue/mypapers/mypapers/server/initialize/router.go:44	router register success
[myPapers]2024/11/16 - 11:40:43.719	[34minfo[0m	C:/Users/MRdada/Desktop/vue/mypapers/mypapers/server/core/server.go:20	server run success on 	{"address": ":8887"}
[myPapers]2024/11/16 - 11:45:10.537	[34minfo[0m	C:/Users/MRdada/Desktop/vue/mypapers/mypapers/server/initialize/gorm.go:37	register table success
[myPapers]2024/11/16 - 11:45:10.575	[34minfo[0m	C:/Users/MRdada/Desktop/vue/mypapers/mypapers/server/initialize/router.go:19	use middleware cors
[myPapers]2024/11/16 - 11:45:10.580	[34minfo[0m	C:/Users/MRdada/Desktop/vue/mypapers/mypapers/server/initialize/router.go:44	router register success
[myPapers]2024/11/16 - 11:45:10.580	[34minfo[0m	C:/Users/MRdada/Desktop/vue/mypapers/mypapers/server/core/server.go:20	server run success on 	{"address": ":8887"}
[myPapers]2024/11/16 - 12:05:24.721	[34minfo[0m	C:/Users/MRdada/Desktop/vue/mypapers/mypapers/server/initialize/gorm.go:37	register table success
[myPapers]2024/11/16 - 12:05:24.757	[34minfo[0m	C:/Users/MRdada/Desktop/vue/mypapers/mypapers/server/initialize/router.go:19	use middleware cors
[myPapers]2024/11/16 - 12:05:24.762	[34minfo[0m	C:/Users/MRdada/Desktop/vue/mypapers/mypapers/server/initialize/router.go:44	router register success
[myPapers]2024/11/16 - 12:05:24.762	[34minfo[0m	C:/Users/MRdada/Desktop/vue/mypapers/mypapers/server/core/server.go:20	server run success on 	{"address": ":8887"}
[myPapers]2024/11/16 - 12:06:58.675	[34minfo[0m	C:/Users/MRdada/Desktop/vue/mypapers/mypapers/server/initialize/gorm.go:37	register table success
[myPapers]2024/11/16 - 12:06:58.712	[34minfo[0m	C:/Users/MRdada/Desktop/vue/mypapers/mypapers/server/initialize/router.go:19	use middleware cors
[myPapers]2024/11/16 - 12:06:58.716	[34minfo[0m	C:/Users/MRdada/Desktop/vue/mypapers/mypapers/server/initialize/router.go:44	router register success
[myPapers]2024/11/16 - 12:06:58.716	[34minfo[0m	C:/Users/MRdada/Desktop/vue/mypapers/mypapers/server/core/server.go:20	server run success on 	{"address": ":8887"}
[myPapers]2024/11/16 - 14:02:00.266	[34minfo[0m	C:/Users/MRdada/Desktop/vue/mypapers/mypapers/server/initialize/gorm.go:37	register table success
[myPapers]2024/11/16 - 14:02:00.303	[34minfo[0m	C:/Users/MRdada/Desktop/vue/mypapers/mypapers/server/initialize/router.go:19	use middleware cors
[myPapers]2024/11/16 - 14:02:00.308	[34minfo[0m	C:/Users/MRdada/Desktop/vue/mypapers/mypapers/server/initialize/router.go:44	router register success
[myPapers]2024/11/16 - 14:02:00.309	[34minfo[0m	C:/Users/MRdada/Desktop/vue/mypapers/mypapers/server/core/server.go:20	server run success on 	{"address": ":8887"}
[myPapers]2024/11/16 - 14:09:37.232	[34minfo[0m	C:/Users/MRdada/Desktop/vue/mypapers/mypapers/server/initialize/gorm.go:37	register table success
[myPapers]2024/11/16 - 14:09:37.270	[34minfo[0m	C:/Users/MRdada/Desktop/vue/mypapers/mypapers/server/initialize/router.go:19	use middleware cors
[myPapers]2024/11/16 - 14:09:37.276	[34minfo[0m	C:/Users/MRdada/Desktop/vue/mypapers/mypapers/server/initialize/router.go:44	router register success
[myPapers]2024/11/16 - 14:09:37.276	[34minfo[0m	C:/Users/MRdada/Desktop/vue/mypapers/mypapers/server/core/server.go:20	server run success on 	{"address": ":8887"}
[myPapers]2024/11/16 - 14:14:43.306	[34minfo[0m	C:/Users/MRdada/Desktop/vue/mypapers/mypapers/server/initialize/gorm.go:37	register table success
[myPapers]2024/11/16 - 14:14:43.341	[34minfo[0m	C:/Users/MRdada/Desktop/vue/mypapers/mypapers/server/initialize/router.go:19	use middleware cors
[myPapers]2024/11/16 - 14:14:43.345	[34minfo[0m	C:/Users/MRdada/Desktop/vue/mypapers/mypapers/server/initialize/router.go:44	router register success
[myPapers]2024/11/16 - 14:14:43.345	[34minfo[0m	C:/Users/MRdada/Desktop/vue/mypapers/mypapers/server/core/server.go:20	server run success on 	{"address": ":8887"}
[myPapers]2024/11/16 - 14:19:34.677	[34minfo[0m	C:/Users/MRdada/Desktop/vue/mypapers/mypapers/server/initialize/gorm.go:37	register table success
[myPapers]2024/11/16 - 14:19:34.718	[34minfo[0m	C:/Users/MRdada/Desktop/vue/mypapers/mypapers/server/initialize/router.go:19	use middleware cors
[myPapers]2024/11/16 - 14:19:34.722	[34minfo[0m	C:/Users/MRdada/Desktop/vue/mypapers/mypapers/server/initialize/router.go:44	router register success
[myPapers]2024/11/16 - 14:19:34.723	[34minfo[0m	C:/Users/MRdada/Desktop/vue/mypapers/mypapers/server/core/server.go:20	server run success on 	{"address": ":8887"}
[myPapers]2024/11/16 - 14:22:13.391	[34minfo[0m	C:/Users/MRdada/Desktop/vue/mypapers/mypapers/server/initialize/gorm.go:37	register table success
[myPapers]2024/11/16 - 14:22:13.427	[34minfo[0m	C:/Users/MRdada/Desktop/vue/mypapers/mypapers/server/initialize/router.go:19	use middleware cors
[myPapers]2024/11/16 - 14:22:13.431	[34minfo[0m	C:/Users/MRdada/Desktop/vue/mypapers/mypapers/server/initialize/router.go:44	router register success
[myPapers]2024/11/16 - 14:22:13.431	[34minfo[0m	C:/Users/MRdada/Desktop/vue/mypapers/mypapers/server/core/server.go:20	server run success on 	{"address": ":8887"}
[myPapers]2024/11/16 - 14:24:30.302	[34minfo[0m	C:/Users/MRdada/Desktop/vue/mypapers/mypapers/server/initialize/gorm.go:37	register table success
[myPapers]2024/11/16 - 14:24:30.337	[34minfo[0m	C:/Users/MRdada/Desktop/vue/mypapers/mypapers/server/initialize/router.go:19	use middleware cors
[myPapers]2024/11/16 - 14:24:30.343	[34minfo[0m	C:/Users/MRdada/Desktop/vue/mypapers/mypapers/server/initialize/router.go:44	router register success
[myPapers]2024/11/16 - 14:24:30.343	[34minfo[0m	C:/Users/MRdada/Desktop/vue/mypapers/mypapers/server/core/server.go:20	server run success on 	{"address": ":8887"}
[myPapers]2024/11/16 - 14:37:58.593	[34minfo[0m	C:/Users/MRdada/Desktop/vue/mypapers/mypapers/server/initialize/gorm.go:37	register table success
[myPapers]2024/11/16 - 14:37:58.631	[34minfo[0m	C:/Users/MRdada/Desktop/vue/mypapers/mypapers/server/initialize/router.go:19	use middleware cors
[myPapers]2024/11/16 - 14:37:58.636	[34minfo[0m	C:/Users/MRdada/Desktop/vue/mypapers/mypapers/server/initialize/router.go:44	router register success
[myPapers]2024/11/16 - 14:37:58.637	[34minfo[0m	C:/Users/MRdada/Desktop/vue/mypapers/mypapers/server/core/server.go:20	server run success on 	{"address": ":8887"}
[myPapers]2024/11/16 - 15:05:52.427	[34minfo[0m	C:/Users/MRdada/Desktop/vue/mypapers/mypapers/server/initialize/gorm.go:37	register table success
[myPapers]2024/11/16 - 15:05:52.464	[34minfo[0m	C:/Users/MRdada/Desktop/vue/mypapers/mypapers/server/initialize/router.go:19	use middleware cors
[myPapers]2024/11/16 - 15:05:52.468	[34minfo[0m	C:/Users/MRdada/Desktop/vue/mypapers/mypapers/server/initialize/router.go:44	router register success
[myPapers]2024/11/16 - 15:05:52.469	[34minfo[0m	C:/Users/MRdada/Desktop/vue/mypapers/mypapers/server/core/server.go:20	server run success on 	{"address": ":8887"}
[myPapers]2024/11/16 - 15:10:24.165	[34minfo[0m	C:/Users/MRdada/Desktop/vue/mypapers/mypapers/server/initialize/gorm.go:37	register table success
[myPapers]2024/11/16 - 15:10:24.200	[34minfo[0m	C:/Users/MRdada/Desktop/vue/mypapers/mypapers/server/initialize/router.go:19	use middleware cors
[myPapers]2024/11/16 - 15:10:24.205	[34minfo[0m	C:/Users/MRdada/Desktop/vue/mypapers/mypapers/server/initialize/router.go:44	router register success
[myPapers]2024/11/16 - 15:10:24.205	[34minfo[0m	C:/Users/MRdada/Desktop/vue/mypapers/mypapers/server/core/server.go:20	server run success on 	{"address": ":8887"}
[myPapers]2024/11/16 - 15:12:31.738	[34minfo[0m	C:/Users/MRdada/Desktop/vue/mypapers/mypapers/server/initialize/gorm.go:37	register table success
[myPapers]2024/11/16 - 15:12:31.772	[34minfo[0m	C:/Users/MRdada/Desktop/vue/mypapers/mypapers/server/initialize/router.go:19	use middleware cors
[myPapers]2024/11/16 - 15:12:31.777	[34minfo[0m	C:/Users/MRdada/Desktop/vue/mypapers/mypapers/server/initialize/router.go:44	router register success
[myPapers]2024/11/16 - 15:12:31.777	[34minfo[0m	C:/Users/MRdada/Desktop/vue/mypapers/mypapers/server/core/server.go:20	server run success on 	{"address": ":8887"}
[myPapers]2024/11/16 - 15:13:37.791	[34minfo[0m	C:/Users/MRdada/Desktop/vue/mypapers/mypapers/server/initialize/gorm.go:37	register table success
[myPapers]2024/11/16 - 15:13:37.827	[34minfo[0m	C:/Users/MRdada/Desktop/vue/mypapers/mypapers/server/initialize/router.go:19	use middleware cors
[myPapers]2024/11/16 - 15:13:37.832	[34minfo[0m	C:/Users/MRdada/Desktop/vue/mypapers/mypapers/server/initialize/router.go:44	router register success
[myPapers]2024/11/16 - 15:13:37.832	[34minfo[0m	C:/Users/MRdada/Desktop/vue/mypapers/mypapers/server/core/server.go:20	server run success on 	{"address": ":8887"}
[myPapers]2024/11/16 - 15:49:38.111	[34minfo[0m	E:/vue/mypapers/mypapers/server/initialize/gorm.go:37	register table success
[myPapers]2024/11/16 - 15:49:38.145	[34minfo[0m	E:/vue/mypapers/mypapers/server/initialize/router.go:19	use middleware cors
[myPapers]2024/11/16 - 15:49:38.149	[34minfo[0m	E:/vue/mypapers/mypapers/server/initialize/router.go:44	router register success
[myPapers]2024/11/16 - 15:49:38.149	[34minfo[0m	E:/vue/mypapers/mypapers/server/core/server.go:20	server run success on 	{"address": ":8887"}
[myPapers]2024/11/16 - 16:01:33.159	[34minfo[0m	E:/vue/mypapers/mypapers/server/initialize/gorm.go:37	register table success
[myPapers]2024/11/16 - 16:01:33.196	[34minfo[0m	E:/vue/mypapers/mypapers/server/initialize/router.go:19	use middleware cors
[myPapers]2024/11/16 - 16:01:33.200	[34minfo[0m	E:/vue/mypapers/mypapers/server/initialize/router.go:44	router register success
[myPapers]2024/11/16 - 16:01:33.200	[34minfo[0m	E:/vue/mypapers/mypapers/server/core/server.go:20	server run success on 	{"address": ":8887"}
[myPapers]2024/11/16 - 16:02:01.879	[34minfo[0m	E:/vue/mypapers/mypapers/server/initialize/gorm.go:37	register table success
[myPapers]2024/11/16 - 16:02:01.913	[34minfo[0m	E:/vue/mypapers/mypapers/server/initialize/router.go:19	use middleware cors
[myPapers]2024/11/16 - 16:02:01.918	[34minfo[0m	E:/vue/mypapers/mypapers/server/initialize/router.go:44	router register success
[myPapers]2024/11/16 - 16:02:01.918	[34minfo[0m	E:/vue/mypapers/mypapers/server/core/server.go:20	server run success on 	{"address": ":8887"}
[myPapers]2024/11/16 - 16:04:07.273	[34minfo[0m	E:/vue/mypapers/mypapers/server/initialize/gorm.go:37	register table success
[myPapers]2024/11/16 - 16:04:07.310	[34minfo[0m	E:/vue/mypapers/mypapers/server/initialize/router.go:19	use middleware cors
[myPapers]2024/11/16 - 16:04:07.315	[34minfo[0m	E:/vue/mypapers/mypapers/server/initialize/router.go:44	router register success
[myPapers]2024/11/16 - 16:04:07.315	[34minfo[0m	E:/vue/mypapers/mypapers/server/core/server.go:20	server run success on 	{"address": ":8887"}
[myPapers]2024/11/16 - 16:34:34.071	[34minfo[0m	E:/vue/mypapers/mypapers/server/initialize/gorm.go:37	register table success
[myPapers]2024/11/16 - 16:34:34.103	[34minfo[0m	E:/vue/mypapers/mypapers/server/initialize/router.go:19	use middleware cors
[myPapers]2024/11/16 - 16:34:34.108	[34minfo[0m	E:/vue/mypapers/mypapers/server/initialize/router.go:44	router register success
[myPapers]2024/11/16 - 16:34:34.108	[34minfo[0m	E:/vue/mypapers/mypapers/server/core/server.go:20	server run success on 	{"address": ":8887"}
[myPapers]2024/11/16 - 16:36:43.599	[34minfo[0m	E:/vue/mypapers/mypapers/server/initialize/gorm.go:37	register table success
[myPapers]2024/11/16 - 16:36:43.639	[34minfo[0m	E:/vue/mypapers/mypapers/server/initialize/router.go:19	use middleware cors
[myPapers]2024/11/16 - 16:36:43.643	[34minfo[0m	E:/vue/mypapers/mypapers/server/initialize/router.go:44	router register success
[myPapers]2024/11/16 - 16:36:43.643	[34minfo[0m	E:/vue/mypapers/mypapers/server/core/server.go:20	server run success on 	{"address": ":8887"}
[myPapers]2024/11/16 - 16:37:11.460	[34minfo[0m	E:/vue/mypapers/mypapers/server/initialize/gorm.go:37	register table success
[myPapers]2024/11/16 - 16:37:11.492	[34minfo[0m	E:/vue/mypapers/mypapers/server/initialize/router.go:19	use middleware cors
[myPapers]2024/11/16 - 16:37:11.497	[34minfo[0m	E:/vue/mypapers/mypapers/server/initialize/router.go:44	router register success
[myPapers]2024/11/16 - 16:37:11.497	[34minfo[0m	E:/vue/mypapers/mypapers/server/core/server.go:20	server run success on 	{"address": ":8887"}
[myPapers]2024/11/16 - 17:20:20.173	[34minfo[0m	E:/vue/mypapers/mypapers/server/initialize/gorm.go:37	register table success
[myPapers]2024/11/16 - 17:20:20.205	[34minfo[0m	E:/vue/mypapers/mypapers/server/initialize/router.go:19	use middleware cors
[myPapers]2024/11/16 - 17:20:20.209	[34minfo[0m	E:/vue/mypapers/mypapers/server/initialize/router.go:44	router register success
[myPapers]2024/11/16 - 17:20:20.209	[34minfo[0m	E:/vue/mypapers/mypapers/server/core/server.go:20	server run success on 	{"address": ":8887"}
[myPapers]2024/11/16 - 17:38:01.847	[34minfo[0m	E:/vue/mypapers/mypapers/server/initialize/gorm.go:37	register table success
[myPapers]2024/11/16 - 17:38:01.884	[34minfo[0m	E:/vue/mypapers/mypapers/server/initialize/router.go:19	use middleware cors
[myPapers]2024/11/16 - 17:38:01.888	[34minfo[0m	E:/vue/mypapers/mypapers/server/initialize/router.go:44	router register success
[myPapers]2024/11/16 - 17:38:01.888	[34minfo[0m	E:/vue/mypapers/mypapers/server/core/server.go:20	server run success on 	{"address": ":8887"}
[myPapers]2024/11/16 - 17:39:29.319	[34minfo[0m	E:/vue/mypapers/mypapers/server/initialize/gorm.go:37	register table success
[myPapers]2024/11/16 - 17:39:29.352	[34minfo[0m	E:/vue/mypapers/mypapers/server/initialize/router.go:19	use middleware cors
[myPapers]2024/11/16 - 17:39:29.357	[34minfo[0m	E:/vue/mypapers/mypapers/server/initialize/router.go:44	router register success
[myPapers]2024/11/16 - 17:39:29.357	[34minfo[0m	E:/vue/mypapers/mypapers/server/core/server.go:20	server run success on 	{"address": ":8887"}
[myPapers]2024/11/16 - 17:44:11.977	[34minfo[0m	E:/vue/mypapers/mypapers/server/initialize/gorm.go:37	register table success
[myPapers]2024/11/16 - 17:44:12.009	[34minfo[0m	E:/vue/mypapers/mypapers/server/initialize/router.go:19	use middleware cors
[myPapers]2024/11/16 - 17:44:12.014	[34minfo[0m	E:/vue/mypapers/mypapers/server/initialize/router.go:44	router register success
[myPapers]2024/11/16 - 17:44:12.014	[34minfo[0m	E:/vue/mypapers/mypapers/server/core/server.go:20	server run success on 	{"address": ":8887"}
[myPapers]2024/11/16 - 17:56:42.502	[34minfo[0m	E:/vue/mypapers/mypapers/server/initialize/gorm.go:37	register table success
[myPapers]2024/11/16 - 17:57:42.704	[34minfo[0m	E:/vue/mypapers/mypapers/server/initialize/gorm.go:37	register table success
[myPapers]2024/11/16 - 17:57:42.738	[34minfo[0m	E:/vue/mypapers/mypapers/server/initialize/router.go:20	use middleware cors
[myPapers]2024/11/16 - 17:57:42.742	[34minfo[0m	E:/vue/mypapers/mypapers/server/initialize/router.go:45	router register success
[myPapers]2024/11/16 - 17:57:42.743	[34minfo[0m	E:/vue/mypapers/mypapers/server/core/server.go:20	server run success on 	{"address": ":8887"}
[myPapers]2024/11/16 - 17:59:09.547	[34minfo[0m	E:/vue/mypapers/mypapers/server/initialize/gorm.go:37	register table success
[myPapers]2024/11/16 - 17:59:09.581	[34minfo[0m	E:/vue/mypapers/mypapers/server/initialize/router.go:20	use middleware cors
[myPapers]2024/11/16 - 17:59:09.585	[34minfo[0m	E:/vue/mypapers/mypapers/server/initialize/router.go:45	router register success
[myPapers]2024/11/16 - 17:59:09.585	[34minfo[0m	E:/vue/mypapers/mypapers/server/core/server.go:20	server run success on 	{"address": ":8887"}
[myPapers]2024/11/16 - 17:59:33.920	[34minfo[0m	E:/vue/mypapers/mypapers/server/initialize/gorm.go:37	register table success
[myPapers]2024/11/16 - 17:59:33.955	[34minfo[0m	E:/vue/mypapers/mypapers/server/initialize/router.go:20	use middleware cors
[myPapers]2024/11/16 - 17:59:33.959	[34minfo[0m	E:/vue/mypapers/mypapers/server/initialize/router.go:45	router register success
[myPapers]2024/11/16 - 17:59:33.959	[34minfo[0m	E:/vue/mypapers/mypapers/server/core/server.go:20	server run success on 	{"address": ":8887"}
[myPapers]2024/11/16 - 18:01:14.787	[34minfo[0m	E:/vue/mypapers/mypapers/server/initialize/gorm.go:37	register table success
[myPapers]2024/11/16 - 18:01:14.823	[34minfo[0m	E:/vue/mypapers/mypapers/server/initialize/router.go:20	use middleware cors
[myPapers]2024/11/16 - 18:01:14.828	[34minfo[0m	E:/vue/mypapers/mypapers/server/initialize/router.go:45	router register success
[myPapers]2024/11/16 - 18:01:14.828	[34minfo[0m	E:/vue/mypapers/mypapers/server/core/server.go:20	server run success on 	{"address": ":8887"}
[myPapers]2024/11/16 - 18:18:16.542	[34minfo[0m	E:/vue/mypapers/mypapers/server/initialize/gorm.go:37	register table success
[myPapers]2024/11/16 - 18:18:16.575	[34minfo[0m	E:/vue/mypapers/mypapers/server/initialize/router.go:20	use middleware cors
[myPapers]2024/11/16 - 18:18:16.579	[34minfo[0m	E:/vue/mypapers/mypapers/server/initialize/router.go:45	router register success
[myPapers]2024/11/16 - 18:18:16.580	[34minfo[0m	E:/vue/mypapers/mypapers/server/core/server.go:20	server run success on 	{"address": ":8887"}
[myPapers]2024/11/16 - 19:18:22.004	[34minfo[0m	E:/vue/mypapers/mypapers/server/initialize/gorm.go:37	register table success
[myPapers]2024/11/16 - 19:18:22.037	[34minfo[0m	E:/vue/mypapers/mypapers/server/initialize/router.go:20	use middleware cors
[myPapers]2024/11/16 - 19:18:22.041	[34minfo[0m	E:/vue/mypapers/mypapers/server/initialize/router.go:45	router register success
[myPapers]2024/11/16 - 19:22:08.604	[34minfo[0m	E:/vue/mypapers/mypapers/server/initialize/gorm.go:37	register table success
[myPapers]2024/11/16 - 19:22:08.639	[34minfo[0m	E:/vue/mypapers/mypapers/server/initialize/router.go:20	use middleware cors
[myPapers]2024/11/16 - 19:22:08.643	[34minfo[0m	E:/vue/mypapers/mypapers/server/initialize/router.go:45	router register success
[myPapers]2024/11/16 - 19:22:08.643	[34minfo[0m	E:/vue/mypapers/mypapers/server/core/server.go:20	server run success on 	{"address": ":8887"}
[myPapers]2024/11/16 - 19:24:03.506	[34minfo[0m	E:/vue/mypapers/mypapers/server/initialize/gorm.go:37	register table success
[myPapers]2024/11/16 - 19:24:03.540	[34minfo[0m	E:/vue/mypapers/mypapers/server/initialize/router.go:20	use middleware cors
[myPapers]2024/11/16 - 19:24:03.545	[34minfo[0m	E:/vue/mypapers/mypapers/server/initialize/router.go:45	router register success
[myPapers]2024/11/16 - 19:24:03.545	[34minfo[0m	E:/vue/mypapers/mypapers/server/core/server.go:20	server run success on 	{"address": ":8887"}
[myPapers]2024/11/16 - 19:28:12.607	[34minfo[0m	E:/vue/mypapers/mypapers/server/initialize/gorm.go:37	register table success
[myPapers]2024/11/16 - 19:28:12.640	[34minfo[0m	E:/vue/mypapers/mypapers/server/initialize/router.go:21	use middleware cors
[myPapers]2024/11/16 - 19:28:12.644	[34minfo[0m	E:/vue/mypapers/mypapers/server/initialize/router.go:46	router register success
[myPapers]2024/11/16 - 19:28:12.644	[34minfo[0m	E:/vue/mypapers/mypapers/server/core/server.go:20	server run success on 	{"address": ":8887"}
[myPapers]2024/11/16 - 19:34:06.171	[34minfo[0m	E:/vue/mypapers/mypapers/server/initialize/gorm.go:37	register table success
[myPapers]2024/11/16 - 19:34:06.205	[34minfo[0m	E:/vue/mypapers/mypapers/server/initialize/router.go:21	use middleware cors
[myPapers]2024/11/16 - 19:34:06.209	[34minfo[0m	E:/vue/mypapers/mypapers/server/initialize/router.go:46	router register success
[myPapers]2024/11/16 - 19:34:06.209	[34minfo[0m	E:/vue/mypapers/mypapers/server/core/server.go:20	server run success on 	{"address": ":8887"}
[myPapers]2024/11/16 - 19:41:40.079	[34minfo[0m	E:/vue/mypapers/mypapers/server/initialize/gorm.go:37	register table success
[myPapers]2024/11/16 - 19:41:40.113	[34minfo[0m	E:/vue/mypapers/mypapers/server/initialize/router.go:21	use middleware cors
[myPapers]2024/11/16 - 19:41:40.117	[34minfo[0m	E:/vue/mypapers/mypapers/server/initialize/router.go:46	router register success
[myPapers]2024/11/16 - 19:41:40.117	[34minfo[0m	E:/vue/mypapers/mypapers/server/core/server.go:20	server run success on 	{"address": ":8887"}
[myPapers]2024/11/16 - 19:47:50.291	[34minfo[0m	E:/vue/mypapers/mypapers/server/initialize/gorm.go:37	register table success
[myPapers]2024/11/16 - 19:47:50.324	[34minfo[0m	E:/vue/mypapers/mypapers/server/initialize/router.go:21	use middleware cors
[myPapers]2024/11/16 - 19:47:50.328	[34minfo[0m	E:/vue/mypapers/mypapers/server/initialize/router.go:46	router register success
[myPapers]2024/11/16 - 19:47:50.328	[34minfo[0m	E:/vue/mypapers/mypapers/server/core/server.go:20	server run success on 	{"address": ":8887"}
[myPapers]2024/11/16 - 19:53:25.888	[34minfo[0m	E:/vue/mypapers/mypapers/server/initialize/gorm.go:37	register table success
[myPapers]2024/11/16 - 19:53:25.921	[34minfo[0m	E:/vue/mypapers/mypapers/server/initialize/router.go:21	use middleware cors
[myPapers]2024/11/16 - 19:53:25.925	[34minfo[0m	E:/vue/mypapers/mypapers/server/initialize/router.go:46	router register success
[myPapers]2024/11/16 - 19:53:25.925	[34minfo[0m	E:/vue/mypapers/mypapers/server/core/server.go:20	server run success on 	{"address": ":8887"}
[myPapers]2024/11/16 - 19:55:09.938	[34minfo[0m	E:/vue/mypapers/mypapers/server/initialize/gorm.go:37	register table success
[myPapers]2024/11/16 - 19:55:09.970	[34minfo[0m	E:/vue/mypapers/mypapers/server/initialize/router.go:21	use middleware cors
[myPapers]2024/11/16 - 19:55:09.974	[34minfo[0m	E:/vue/mypapers/mypapers/server/initialize/router.go:46	router register success
[myPapers]2024/11/16 - 19:55:09.975	[34minfo[0m	E:/vue/mypapers/mypapers/server/core/server.go:20	server run success on 	{"address": ":8887"}
[myPapers]2024/11/16 - 21:52:08.018	[34minfo[0m	E:/vue/mypapers/mypapers/server/initialize/gorm.go:37	register table success
[myPapers]2024/11/16 - 21:52:08.061	[34minfo[0m	E:/vue/mypapers/mypapers/server/initialize/router.go:21	use middleware cors
[myPapers]2024/11/16 - 21:52:08.067	[34minfo[0m	E:/vue/mypapers/mypapers/server/initialize/router.go:46	router register success
[myPapers]2024/11/16 - 21:52:08.067	[34minfo[0m	E:/vue/mypapers/mypapers/server/core/server.go:20	server run success on 	{"address": ":8887"}
[myPapers]2024/11/16 - 22:11:47.174	[34minfo[0m	E:/vue/mypapers/mypapers/server/initialize/gorm.go:37	register table success
[myPapers]2024/11/16 - 22:11:47.207	[34minfo[0m	E:/vue/mypapers/mypapers/server/initialize/router.go:21	use middleware cors
[myPapers]2024/11/16 - 22:11:47.211	[34minfo[0m	E:/vue/mypapers/mypapers/server/initialize/router.go:46	router register success
[myPapers]2024/11/16 - 22:11:47.212	[34minfo[0m	E:/vue/mypapers/mypapers/server/core/server.go:20	server run success on 	{"address": ":8887"}
[myPapers]2024/11/16 - 22:12:59.546	[34minfo[0m	E:/vue/mypapers/mypapers/server/initialize/gorm.go:37	register table success
[myPapers]2024/11/16 - 22:12:59.579	[34minfo[0m	E:/vue/mypapers/mypapers/server/initialize/router.go:21	use middleware cors
[myPapers]2024/11/16 - 22:12:59.583	[34minfo[0m	E:/vue/mypapers/mypapers/server/initialize/router.go:46	router register success
[myPapers]2024/11/16 - 22:12:59.584	[34minfo[0m	E:/vue/mypapers/mypapers/server/core/server.go:20	server run success on 	{"address": ":8887"}
[myPapers]2024/11/16 - 22:14:11.128	[34minfo[0m	E:/vue/mypapers/mypapers/server/initialize/gorm.go:37	register table success
[myPapers]2024/11/16 - 22:14:11.164	[34minfo[0m	E:/vue/mypapers/mypapers/server/initialize/router.go:21	use middleware cors
[myPapers]2024/11/16 - 22:14:11.168	[34minfo[0m	E:/vue/mypapers/mypapers/server/initialize/router.go:46	router register success
[myPapers]2024/11/16 - 22:14:11.169	[34minfo[0m	E:/vue/mypapers/mypapers/server/core/server.go:20	server run success on 	{"address": ":8887"}
[myPapers]2024/11/16 - 22:15:00.003	[34minfo[0m	E:/vue/mypapers/mypapers/server/initialize/gorm.go:37	register table success
[myPapers]2024/11/16 - 22:15:00.045	[34minfo[0m	E:/vue/mypapers/mypapers/server/initialize/router.go:21	use middleware cors
[myPapers]2024/11/16 - 22:15:00.050	[34minfo[0m	E:/vue/mypapers/mypapers/server/initialize/router.go:46	router register success
[myPapers]2024/11/16 - 22:15:00.050	[34minfo[0m	E:/vue/mypapers/mypapers/server/core/server.go:20	server run success on 	{"address": ":8887"}
[myPapers]2024/11/16 - 22:16:51.218	[34minfo[0m	E:/vue/mypapers/mypapers/server/initialize/gorm.go:37	register table success
[myPapers]2024/11/16 - 22:16:51.252	[34minfo[0m	E:/vue/mypapers/mypapers/server/initialize/router.go:21	use middleware cors
[myPapers]2024/11/16 - 22:16:51.257	[34minfo[0m	E:/vue/mypapers/mypapers/server/initialize/router.go:46	router register success
[myPapers]2024/11/16 - 22:16:51.257	[34minfo[0m	E:/vue/mypapers/mypapers/server/core/server.go:20	server run success on 	{"address": ":8887"}
[myPapers]2024/11/16 - 22:18:30.810	[34minfo[0m	E:/vue/mypapers/mypapers/server/initialize/gorm.go:37	register table success
[myPapers]2024/11/16 - 22:18:30.844	[34minfo[0m	E:/vue/mypapers/mypapers/server/initialize/router.go:21	use middleware cors
[myPapers]2024/11/16 - 22:18:30.848	[34minfo[0m	E:/vue/mypapers/mypapers/server/initialize/router.go:46	router register success
[myPapers]2024/11/16 - 22:18:30.849	[34minfo[0m	E:/vue/mypapers/mypapers/server/core/server.go:20	server run success on 	{"address": ":8887"}
[myPapers]2024/11/16 - 22:33:11.192	[34minfo[0m	E:/vue/mypapers/mypapers/server/initialize/gorm.go:37	register table success
[myPapers]2024/11/16 - 22:33:11.226	[34minfo[0m	E:/vue/mypapers/mypapers/server/initialize/router.go:21	use middleware cors
[myPapers]2024/11/16 - 22:33:11.232	[34minfo[0m	E:/vue/mypapers/mypapers/server/initialize/router.go:46	router register success
[myPapers]2024/11/16 - 22:33:11.232	[34minfo[0m	E:/vue/mypapers/mypapers/server/core/server.go:20	server run success on 	{"address": ":8887"}
