[myPapers]2024/11/20 - 00:08:45.588	[34minfo[0m	E:/goWorkspace/myPapers-new/server/initialize/gorm.go:37	register table success
[myPapers]2024/11/20 - 00:08:45.590	[34minfo[0m	E:/goWorkspace/myPapers-new/server/initialize/router.go:19	use middleware cors
[myPapers]2024/11/20 - 00:08:45.591	[34minfo[0m	E:/goWorkspace/myPapers-new/server/initialize/router.go:44	router register success
[myPapers]2024/11/20 - 00:08:45.591	[34minfo[0m	E:/goWorkspace/myPapers-new/server/core/server.go:20	server run success on 	{"address": ":8887"}
[myPapers]2024/11/20 - 00:12:34.060	[34minfo[0m	E:/goWorkspace/myPapers-new/server/initialize/gorm.go:37	register table success
[myPapers]2024/11/20 - 00:12:34.063	[34minfo[0m	E:/goWorkspace/myPapers-new/server/initialize/router.go:19	use middleware cors
[myPapers]2024/11/20 - 00:12:34.065	[34minfo[0m	E:/goWorkspace/myPapers-new/server/initialize/router.go:44	router register success
[myPapers]2024/11/20 - 00:12:34.065	[34minfo[0m	E:/goWorkspace/myPapers-new/server/core/server.go:20	server run success on 	{"address": ":8887"}
[myPapers]2024/11/20 - 09:15:30.273	[34minfo[0m	E:/goWorkspace/myPapers-new/server/initialize/gorm.go:37	register table success
[myPapers]2024/11/20 - 09:15:30.276	[34minfo[0m	E:/goWorkspace/myPapers-new/server/initialize/router.go:19	use middleware cors
[myPapers]2024/11/20 - 09:15:30.277	[34minfo[0m	E:/goWorkspace/myPapers-new/server/initialize/router.go:44	router register success
[myPapers]2024/11/20 - 09:15:30.277	[34minfo[0m	E:/goWorkspace/myPapers-new/server/core/server.go:20	server run success on 	{"address": ":8887"}
[myPapers]2024/11/20 - 10:05:04.711	[34minfo[0m	D:/Projects/mypapers/mypapers/server/initialize/gorm.go:37	register table success
[myPapers]2024/11/20 - 10:05:04.712	[34minfo[0m	D:/Projects/mypapers/mypapers/server/initialize/router.go:19	use middleware cors
[myPapers]2024/11/20 - 10:05:04.714	[34minfo[0m	D:/Projects/mypapers/mypapers/server/initialize/router.go:44	router register success
[myPapers]2024/11/20 - 10:05:04.714	[34minfo[0m	D:/Projects/mypapers/mypapers/server/core/server.go:20	server run success on 	{"address": ":8887"}
[myPapers]2024/11/20 - 10:47:55.939	[34minfo[0m	D:/Projects/mypapers/mypapers/server/initialize/gorm.go:37	register table success
[myPapers]2024/11/20 - 10:47:55.942	[34minfo[0m	D:/Projects/mypapers/mypapers/server/initialize/router.go:19	use middleware cors
[myPapers]2024/11/20 - 10:47:55.943	[34minfo[0m	D:/Projects/mypapers/mypapers/server/initialize/router.go:44	router register success
[myPapers]2024/11/20 - 10:47:55.944	[34minfo[0m	D:/Projects/mypapers/mypapers/server/core/server.go:20	server run success on 	{"address": ":8887"}
[myPapers]2024/11/20 - 10:50:34.232	[34minfo[0m	D:/Projects/mypapers/mypapers/server/initialize/gorm.go:37	register table success
[myPapers]2024/11/20 - 10:50:34.234	[34minfo[0m	D:/Projects/mypapers/mypapers/server/initialize/router.go:19	use middleware cors
[myPapers]2024/11/20 - 10:50:34.236	[34minfo[0m	D:/Projects/mypapers/mypapers/server/initialize/router.go:44	router register success
[myPapers]2024/11/20 - 10:50:34.236	[34minfo[0m	D:/Projects/mypapers/mypapers/server/core/server.go:20	server run success on 	{"address": ":8887"}
[myPapers]2024/11/20 - 10:52:21.107	[34minfo[0m	D:/Projects/mypapers/mypapers/server/initialize/gorm.go:37	register table success
[myPapers]2024/11/20 - 10:52:21.108	[34minfo[0m	D:/Projects/mypapers/mypapers/server/initialize/router.go:19	use middleware cors
[myPapers]2024/11/20 - 10:52:21.110	[34minfo[0m	D:/Projects/mypapers/mypapers/server/initialize/router.go:44	router register success
[myPapers]2024/11/20 - 10:52:21.110	[34minfo[0m	D:/Projects/mypapers/mypapers/server/core/server.go:20	server run success on 	{"address": ":8887"}
[myPapers]2024/11/20 - 10:53:37.403	[34minfo[0m	D:/Projects/mypapers/mypapers/server/initialize/gorm.go:37	register table success
[myPapers]2024/11/20 - 10:53:37.406	[34minfo[0m	D:/Projects/mypapers/mypapers/server/initialize/router.go:19	use middleware cors
[myPapers]2024/11/20 - 10:53:37.419	[34minfo[0m	D:/Projects/mypapers/mypapers/server/initialize/router.go:44	router register success
[myPapers]2024/11/20 - 10:53:37.419	[34minfo[0m	D:/Projects/mypapers/mypapers/server/core/server.go:20	server run success on 	{"address": ":8887"}
[myPapers]2024/11/20 - 10:55:21.837	[34minfo[0m	D:/Projects/mypapers/mypapers/server/initialize/gorm.go:37	register table success
[myPapers]2024/11/20 - 10:55:21.839	[34minfo[0m	D:/Projects/mypapers/mypapers/server/initialize/router.go:19	use middleware cors
[myPapers]2024/11/20 - 10:55:21.844	[34minfo[0m	D:/Projects/mypapers/mypapers/server/initialize/router.go:44	router register success
[myPapers]2024/11/20 - 10:55:21.844	[34minfo[0m	D:/Projects/mypapers/mypapers/server/core/server.go:20	server run success on 	{"address": ":8887"}
[myPapers]2024/11/20 - 10:57:16.089	[34minfo[0m	D:/Projects/mypapers/mypapers/server/initialize/gorm.go:37	register table success
[myPapers]2024/11/20 - 10:57:16.091	[34minfo[0m	D:/Projects/mypapers/mypapers/server/initialize/router.go:19	use middleware cors
[myPapers]2024/11/20 - 10:57:16.094	[34minfo[0m	D:/Projects/mypapers/mypapers/server/initialize/router.go:44	router register success
[myPapers]2024/11/20 - 10:57:16.094	[34minfo[0m	D:/Projects/mypapers/mypapers/server/core/server.go:20	server run success on 	{"address": ":8887"}
