[myPapers]2024/12/02 - 13:48:22.090	[34minfo[0m	/Users/zxh/Desktop/MyPaper/MyPapers/server/initialize/router.go:21	use middleware cors
[myPapers]2024/12/02 - 13:48:22.093	[34minfo[0m	/Users/zxh/Desktop/MyPaper/MyPapers/server/initialize/router.go:46	router register success
[myPapers]2024/12/02 - 13:48:22.093	[34minfo[0m	/Users/zxh/Desktop/MyPaper/MyPapers/server/core/server.go:20	server run success on 	{"address": ":8887"}
[myPapers]2024/12/02 - 14:46:14.992	[34minfo[0m	/Users/zxh/Desktop/MyPaper/MyPapers/server/initialize/router.go:21	use middleware cors
[myPapers]2024/12/02 - 14:46:15.051	[34minfo[0m	/Users/zxh/Desktop/MyPaper/MyPapers/server/initialize/router.go:46	router register success
[myPapers]2024/12/02 - 14:46:15.051	[34minfo[0m	/Users/zxh/Desktop/MyPaper/MyPapers/server/core/server.go:20	server run success on 	{"address": ":8887"}
[myPapers]2024/12/02 - 15:18:45.693	[34minfo[0m	/Users/zxh/Desktop/MyPaper/MyPapers/server/initialize/router.go:21	use middleware cors
[myPapers]2024/12/02 - 15:18:45.771	[34minfo[0m	/Users/zxh/Desktop/MyPaper/MyPapers/server/initialize/router.go:46	router register success
[myPapers]2024/12/02 - 15:18:45.771	[34minfo[0m	/Users/zxh/Desktop/MyPaper/MyPapers/server/core/server.go:20	server run success on 	{"address": ":8887"}
[myPapers]2024/12/02 - 16:10:26.086	[34minfo[0m	/Users/zxh/Desktop/MyPaper/MyPapers/server/initialize/gorm.go:37	register table success
[myPapers]2024/12/02 - 16:10:26.088	[34minfo[0m	/Users/zxh/Desktop/MyPaper/MyPapers/server/initialize/router.go:21	use middleware cors
[myPapers]2024/12/02 - 16:10:26.096	[34minfo[0m	/Users/zxh/Desktop/MyPaper/MyPapers/server/initialize/router.go:46	router register success
[myPapers]2024/12/02 - 16:10:26.096	[34minfo[0m	/Users/zxh/Desktop/MyPaper/MyPapers/server/core/server.go:20	server run success on 	{"address": ":8887"}
[myPapers]2024/12/02 - 16:10:56.277	[34minfo[0m	/Users/zxh/Desktop/MyPaper/MyPapers/server/initialize/gorm.go:37	register table success
[myPapers]2024/12/02 - 16:10:56.278	[34minfo[0m	/Users/zxh/Desktop/MyPaper/MyPapers/server/initialize/router.go:21	use middleware cors
[myPapers]2024/12/02 - 16:10:56.286	[34minfo[0m	/Users/zxh/Desktop/MyPaper/MyPapers/server/initialize/router.go:46	router register success
[myPapers]2024/12/02 - 16:10:56.286	[34minfo[0m	/Users/zxh/Desktop/MyPaper/MyPapers/server/core/server.go:20	server run success on 	{"address": ":8887"}
[myPapers]2024/12/02 - 16:18:27.166	[34minfo[0m	/Users/zxh/Desktop/MyPaper/MyPapers/server/initialize/gorm.go:37	register table success
[myPapers]2024/12/02 - 16:18:27.170	[34minfo[0m	/Users/zxh/Desktop/MyPaper/MyPapers/server/initialize/router.go:21	use middleware cors
[myPapers]2024/12/02 - 16:18:27.173	[34minfo[0m	/Users/zxh/Desktop/MyPaper/MyPapers/server/initialize/router.go:46	router register success
[myPapers]2024/12/02 - 16:18:27.173	[34minfo[0m	/Users/zxh/Desktop/MyPaper/MyPapers/server/core/server.go:20	server run success on 	{"address": ":8887"}
[myPapers]2024/12/02 - 09:41:44.587	[34minfo[0m	E:/vue/mypapers/gitee/MyPapers/server/initialize/router.go:21	use middleware cors
[myPapers]2024/12/02 - 09:41:44.608	[34minfo[0m	E:/vue/mypapers/gitee/MyPapers/server/initialize/router.go:46	router register success
[myPapers]2024/12/02 - 09:41:44.608	[34minfo[0m	E:/vue/mypapers/gitee/MyPapers/server/core/server.go:20	server run success on 	{"address": ":8887"}
[myPapers]2024/12/02 - 09:50:04.059	[34minfo[0m	E:/vue/mypapers/gitee/MyPapers/server/initialize/router.go:21	use middleware cors
[myPapers]2024/12/02 - 09:50:04.082	[34minfo[0m	E:/vue/mypapers/gitee/MyPapers/server/initialize/router.go:46	router register success
[myPapers]2024/12/02 - 09:50:04.082	[34minfo[0m	E:/vue/mypapers/gitee/MyPapers/server/core/server.go:20	server run success on 	{"address": ":8887"}
[myPapers]2024/12/02 - 10:08:36.406	[34minfo[0m	E:/vue/mypapers/gitee/MyPapers/server/initialize/router.go:21	use middleware cors
[myPapers]2024/12/02 - 10:08:36.423	[34minfo[0m	E:/vue/mypapers/gitee/MyPapers/server/initialize/router.go:46	router register success
[myPapers]2024/12/02 - 10:08:36.423	[34minfo[0m	E:/vue/mypapers/gitee/MyPapers/server/core/server.go:20	server run success on 	{"address": ":8887"}
[myPapers]2024/12/02 - 10:24:03.896	[34minfo[0m	E:/vue/mypapers/gitee/MyPapers/server/initialize/router.go:21	use middleware cors
[myPapers]2024/12/02 - 10:24:03.943	[34minfo[0m	E:/vue/mypapers/gitee/MyPapers/server/initialize/router.go:46	router register success
[myPapers]2024/12/02 - 10:24:03.944	[34minfo[0m	E:/vue/mypapers/gitee/MyPapers/server/core/server.go:20	server run success on 	{"address": ":8887"}
[myPapers]2024/12/02 - 10:27:03.704	[34minfo[0m	E:/vue/mypapers/gitee/MyPapers/server/initialize/gorm.go:37	register table success
[myPapers]2024/12/02 - 10:27:03.765	[34minfo[0m	E:/vue/mypapers/gitee/MyPapers/server/initialize/router.go:21	use middleware cors
[myPapers]2024/12/02 - 10:27:03.777	[34minfo[0m	E:/vue/mypapers/gitee/MyPapers/server/initialize/router.go:46	router register success
[myPapers]2024/12/02 - 10:27:03.778	[34minfo[0m	E:/vue/mypapers/gitee/MyPapers/server/core/server.go:20	server run success on 	{"address": ":8887"}
[myPapers]2024/12/02 - 14:36:17.626	[34minfo[0m	E:/vue/mypapers/gitee/MyPapers/server/initialize/gorm.go:37	register table success
[myPapers]2024/12/02 - 14:36:17.682	[34minfo[0m	E:/vue/mypapers/gitee/MyPapers/server/initialize/router.go:21	use middleware cors
[myPapers]2024/12/02 - 14:36:17.691	[34minfo[0m	E:/vue/mypapers/gitee/MyPapers/server/initialize/router.go:46	router register success
[myPapers]2024/12/02 - 14:36:17.692	[34minfo[0m	E:/vue/mypapers/gitee/MyPapers/server/core/server.go:20	server run success on 	{"address": ":8887"}
[myPapers]2024/12/02 - 14:47:14.197	[34minfo[0m	E:/vue/mypapers/gitee/MyPapers/server/initialize/gorm.go:37	register table success
[myPapers]2024/12/02 - 14:47:14.263	[34minfo[0m	E:/vue/mypapers/gitee/MyPapers/server/initialize/router.go:21	use middleware cors
[myPapers]2024/12/02 - 14:47:14.268	[34minfo[0m	E:/vue/mypapers/gitee/MyPapers/server/initialize/router.go:46	router register success
[myPapers]2024/12/02 - 14:47:14.268	[34minfo[0m	E:/vue/mypapers/gitee/MyPapers/server/core/server.go:20	server run success on 	{"address": ":8887"}
